
Mon Jul 10 12:05:11 JST 2023

=== LBM
v3.3.0-dirty
commit 3258275fbceb02090300cac8cf651d00fb418e0b

Convert ./lora_basics_modem_version.h
Convert ./smtc_modem_api/smtc_basic_modem_lr11xx_api_extension.h
Convert ./smtc_modem_api/smtc_modem_api.h
Convert ./smtc_modem_api/smtc_modem_middleware_advanced_api.h
Convert ./smtc_modem_api/smtc_modem_test_api.h
Convert ./smtc_modem_api/smtc_modem_utilities.h
Convert ./smtc_modem_core/device_management/device_management_defs.h
Convert ./smtc_modem_core/device_management/dm_downlink.h
Convert ./smtc_modem_core/device_management/modem_context.h
Convert ./smtc_modem_core/lorawan_api/lorawan_api.h
Convert ./smtc_modem_core/lr1mac/lr1mac_config.h
Convert ./smtc_modem_core/lr1mac/src/lr1mac_class_b/smtc_beacon_sniff.h
Convert ./smtc_modem_core/lr1mac/src/lr1mac_class_b/smtc_d2d.h
Convert ./smtc_modem_core/lr1mac/src/lr1mac_class_b/smtc_ping_slot.h
Convert ./smtc_modem_core/lr1mac/src/lr1mac_class_c/lr1mac_class_c.h
Convert ./smtc_modem_core/lr1mac/src/lr1mac_core.h
Convert ./smtc_modem_core/lr1mac/src/lr1mac_defs.h
Convert ./smtc_modem_core/lr1mac/src/lr1mac_utilities.h
Convert ./smtc_modem_core/lr1mac/src/lr1_stack_mac_layer.h
Convert ./smtc_modem_core/lr1mac/src/services/smtc_duty_cycle.h
Convert ./smtc_modem_core/lr1mac/src/services/smtc_lbt.h
Convert ./smtc_modem_core/lr1mac/src/services/smtc_multicast.h
Convert ./smtc_modem_core/lr1mac/src/smtc_real/src/region_as_923.h
Convert ./smtc_modem_core/lr1mac/src/smtc_real/src/region_as_923_defs.h
Convert ./smtc_modem_core/lr1mac/src/smtc_real/src/region_au_915.h
Convert ./smtc_modem_core/lr1mac/src/smtc_real/src/region_au_915_defs.h
Convert ./smtc_modem_core/lr1mac/src/smtc_real/src/region_cn_470.h
Convert ./smtc_modem_core/lr1mac/src/smtc_real/src/region_cn_470_defs.h
Convert ./smtc_modem_core/lr1mac/src/smtc_real/src/region_cn_470_rp_1_0.h
Convert ./smtc_modem_core/lr1mac/src/smtc_real/src/region_cn_470_rp_1_0_defs.h
Convert ./smtc_modem_core/lr1mac/src/smtc_real/src/region_eu_868.h
Convert ./smtc_modem_core/lr1mac/src/smtc_real/src/region_eu_868_defs.h
Convert ./smtc_modem_core/lr1mac/src/smtc_real/src/region_in_865.h
Convert ./smtc_modem_core/lr1mac/src/smtc_real/src/region_in_865_defs.h
Convert ./smtc_modem_core/lr1mac/src/smtc_real/src/region_kr_920.h
Convert ./smtc_modem_core/lr1mac/src/smtc_real/src/region_kr_920_defs.h
Convert ./smtc_modem_core/lr1mac/src/smtc_real/src/region_ru_864.h
Convert ./smtc_modem_core/lr1mac/src/smtc_real/src/region_ru_864_defs.h
Convert ./smtc_modem_core/lr1mac/src/smtc_real/src/region_us_915.h
Convert ./smtc_modem_core/lr1mac/src/smtc_real/src/region_us_915_defs.h
Convert ./smtc_modem_core/lr1mac/src/smtc_real/src/region_ww2g4.h
Convert ./smtc_modem_core/lr1mac/src/smtc_real/src/region_ww2g4_defs.h
Convert ./smtc_modem_core/lr1mac/src/smtc_real/src/smtc_real.h
Convert ./smtc_modem_core/lr1mac/src/smtc_real/src/smtc_real_defs.h
Convert ./smtc_modem_core/lr1mac/src/smtc_real/src/smtc_real_defs_str.h
Convert ./smtc_modem_core/modem_config/smtc_modem_hal_dbg_trace.h
Convert ./smtc_modem_core/modem_services/fifo_ctrl.h
Convert ./smtc_modem_core/modem_services/lorawan_certification.h
Convert ./smtc_modem_core/modem_services/modem_utilities.h
Convert ./smtc_modem_core/modem_services/smtc_clock_sync.h
Convert ./smtc_modem_core/modem_services/smtc_modem_services_config.h
Convert ./smtc_modem_core/modem_supervisor/modem_supervisor.h
Convert ./smtc_modem_core/radio_drivers/lr11xx_driver/src/lr11xx_bootloader.h
Convert ./smtc_modem_core/radio_drivers/lr11xx_driver/src/lr11xx_bootloader_types.h
Convert ./smtc_modem_core/radio_drivers/lr11xx_driver/src/lr11xx_crypto_engine.h
Convert ./smtc_modem_core/radio_drivers/lr11xx_driver/src/lr11xx_crypto_engine_types.h
Convert ./smtc_modem_core/radio_drivers/lr11xx_driver/src/lr11xx_driver_version.h
Convert ./smtc_modem_core/radio_drivers/lr11xx_driver/src/lr11xx_gnss.h
Convert ./smtc_modem_core/radio_drivers/lr11xx_driver/src/lr11xx_gnss_types.h
Convert ./smtc_modem_core/radio_drivers/lr11xx_driver/src/lr11xx_hal.h
Convert ./smtc_modem_core/radio_drivers/lr11xx_driver/src/lr11xx_lr_fhss.h
Convert ./smtc_modem_core/radio_drivers/lr11xx_driver/src/lr11xx_lr_fhss_types.h
Convert ./smtc_modem_core/radio_drivers/lr11xx_driver/src/lr11xx_radio.h
Convert ./smtc_modem_core/radio_drivers/lr11xx_driver/src/lr11xx_radio_timings.h
Convert ./smtc_modem_core/radio_drivers/lr11xx_driver/src/lr11xx_radio_types.h
Convert ./smtc_modem_core/radio_drivers/lr11xx_driver/src/lr11xx_ranging.h
Convert ./smtc_modem_core/radio_drivers/lr11xx_driver/src/lr11xx_ranging_types.h
Convert ./smtc_modem_core/radio_drivers/lr11xx_driver/src/lr11xx_regmem.h
Convert ./smtc_modem_core/radio_drivers/lr11xx_driver/src/lr11xx_system.h
Convert ./smtc_modem_core/radio_drivers/lr11xx_driver/src/lr11xx_system_types.h
Convert ./smtc_modem_core/radio_drivers/lr11xx_driver/src/lr11xx_types.h
Convert ./smtc_modem_core/radio_drivers/lr11xx_driver/src/lr11xx_wifi.h
Convert ./smtc_modem_core/radio_drivers/lr11xx_driver/src/lr11xx_wifi_types.h
Convert ./smtc_modem_core/radio_drivers/lr11xx_driver/src/lr_fhss_v1_base_types.h
Convert ./smtc_modem_core/radio_planner/src/radio_planner.h
Convert ./smtc_modem_core/radio_planner/src/radio_planner_hal.h
Convert ./smtc_modem_core/radio_planner/src/radio_planner_hook_id_defs.h
Convert ./smtc_modem_core/radio_planner/src/radio_planner_stats.h
Convert ./smtc_modem_core/radio_planner/src/radio_planner_types.h
Convert ./smtc_modem_core/smtc_modem_crypto/smtc_modem_crypto.h
Convert ./smtc_modem_core/smtc_modem_crypto/smtc_secure_element/smtc_secure_element.h
Convert ./smtc_modem_core/smtc_modem_services/headers/alc_sync.h
Convert ./smtc_modem_core/smtc_modem_services/headers/almanac_update.h
Convert ./smtc_modem_core/smtc_modem_services/headers/file_upload.h
Convert ./smtc_modem_core/smtc_modem_services/headers/stream.h
Convert ./smtc_modem_core/smtc_modem_services/smtc_modem_services_config.template.h
Convert ./smtc_modem_core/smtc_modem_services/smtc_modem_services_hal.h
Convert ./smtc_modem_core/smtc_modem_services/src/file_upload/file_upload_defs.h
Convert ./smtc_modem_core/smtc_modem_services/src/modem_services_common.h
Convert ./smtc_modem_core/smtc_modem_services/src/stream/lmic_defines.h
Convert ./smtc_modem_core/smtc_modem_services/src/stream/rose.h
Convert ./smtc_modem_core/smtc_modem_services/src/stream/rose_defs.h
Convert ./smtc_modem_core/smtc_ral/src/lr_fhss_v1_base_types.h
Convert ./smtc_modem_core/smtc_ral/src/ral.h
Convert ./smtc_modem_core/smtc_ral/src/ral_defs.h
Convert ./smtc_modem_core/smtc_ral/src/ral_drv.h
Convert ./smtc_modem_core/smtc_ral/src/ral_lr11xx.h
Convert ./smtc_modem_core/smtc_ral/src/ral_lr11xx_bsp.h
Convert ./smtc_modem_core/smtc_ralf/src/ralf.h
Convert ./smtc_modem_core/smtc_ralf/src/ralf_defs.h
Convert ./smtc_modem_core/smtc_ralf/src/ralf_drv.h
Convert ./smtc_modem_core/smtc_ralf/src/ralf_lr11xx.h
Convert ./smtc_modem_core/smtc_ralf/src/ralf_lr11xx_bsp.h
Convert ./smtc_modem_hal/smtc_modem_hal.h
Convert ./smtc_modem_core/device_management/dm_downlink.c
Convert ./smtc_modem_core/device_management/modem_context.c
Convert ./smtc_modem_core/lorawan_api/lorawan_api.c
Convert ./smtc_modem_core/lr1mac/src/lr1mac_class_b/smtc_beacon_sniff.c
Convert ./smtc_modem_core/lr1mac/src/lr1mac_class_b/smtc_ping_slot.c
Convert ./smtc_modem_core/lr1mac/src/lr1mac_class_c/lr1mac_class_c.c
Convert ./smtc_modem_core/lr1mac/src/lr1mac_core.c
Convert ./smtc_modem_core/lr1mac/src/lr1mac_utilities.c
Convert ./smtc_modem_core/lr1mac/src/lr1_stack_mac_layer.c
Convert ./smtc_modem_core/lr1mac/src/services/smtc_duty_cycle.c
Convert ./smtc_modem_core/lr1mac/src/services/smtc_lbt.c
Convert ./smtc_modem_core/lr1mac/src/services/smtc_multicast.c
Convert ./smtc_modem_core/lr1mac/src/smtc_real/src/region_as_923.c
Convert ./smtc_modem_core/lr1mac/src/smtc_real/src/region_au_915.c
Convert ./smtc_modem_core/lr1mac/src/smtc_real/src/region_cn_470.c
Convert ./smtc_modem_core/lr1mac/src/smtc_real/src/region_cn_470_rp_1_0.c
Convert ./smtc_modem_core/lr1mac/src/smtc_real/src/region_eu_868.c
Convert ./smtc_modem_core/lr1mac/src/smtc_real/src/region_in_865.c
Convert ./smtc_modem_core/lr1mac/src/smtc_real/src/region_kr_920.c
Convert ./smtc_modem_core/lr1mac/src/smtc_real/src/region_ru_864.c
Convert ./smtc_modem_core/lr1mac/src/smtc_real/src/region_us_915.c
Convert ./smtc_modem_core/lr1mac/src/smtc_real/src/region_ww2g4.c
Convert ./smtc_modem_core/lr1mac/src/smtc_real/src/smtc_real.c
Convert ./smtc_modem_core/modem_core/smtc_modem.c
Convert ./smtc_modem_core/modem_core/smtc_modem_test.c
Convert ./smtc_modem_core/modem_services/fifo_ctrl.c
Convert ./smtc_modem_core/modem_services/lorawan_certification.c
Convert ./smtc_modem_core/modem_services/modem_utilities.c
Convert ./smtc_modem_core/modem_services/smtc_clock_sync.c
Convert ./smtc_modem_core/modem_services/smtc_modem_services_hal.c
Convert ./smtc_modem_core/modem_supervisor/modem_supervisor.c
Convert ./smtc_modem_core/radio_drivers/lr11xx_driver/src/lr11xx_bootloader.c
Convert ./smtc_modem_core/radio_drivers/lr11xx_driver/src/lr11xx_crypto_engine.c
Convert ./smtc_modem_core/radio_drivers/lr11xx_driver/src/lr11xx_driver_version.c
Convert ./smtc_modem_core/radio_drivers/lr11xx_driver/src/lr11xx_gnss.c
Convert ./smtc_modem_core/radio_drivers/lr11xx_driver/src/lr11xx_lr_fhss.c
Convert ./smtc_modem_core/radio_drivers/lr11xx_driver/src/lr11xx_radio.c
Convert ./smtc_modem_core/radio_drivers/lr11xx_driver/src/lr11xx_radio_timings.c
Convert ./smtc_modem_core/radio_drivers/lr11xx_driver/src/lr11xx_ranging.c
Convert ./smtc_modem_core/radio_drivers/lr11xx_driver/src/lr11xx_regmem.c
Convert ./smtc_modem_core/radio_drivers/lr11xx_driver/src/lr11xx_system.c
Convert ./smtc_modem_core/radio_drivers/lr11xx_driver/src/lr11xx_wifi.c
Convert ./smtc_modem_core/radio_planner/src/radio_planner.c
Convert ./smtc_modem_core/radio_planner/src/radio_planner_hal.c
Convert ./smtc_modem_core/smtc_modem_crypto/lr11xx_crypto_engine/lr11xx_ce.c
Convert ./smtc_modem_core/smtc_modem_crypto/smtc_modem_crypto.c
Convert ./smtc_modem_core/smtc_modem_services/src/alc_sync/alc_sync.c
Convert ./smtc_modem_core/smtc_modem_services/src/almanac_update/almanac_update.c
Convert ./smtc_modem_core/smtc_modem_services/src/file_upload/file_upload.c
Convert ./smtc_modem_core/smtc_modem_services/src/stream/rose.c
Convert ./smtc_modem_core/smtc_modem_services/src/stream/stream.c
Convert ./smtc_modem_core/smtc_ral/src/ral_lr11xx.c
Convert ./smtc_modem_core/smtc_ralf/src/ralf_lr11xx.c

=== MW
v1.3.0-dirty
commit f28f94da3b5830292a5043f4ac4a8bf3bf90d689

Convert ./geolocation_middleware/bsp/mw_bsp.h
Convert ./geolocation_middleware/common/mw_assert.h
Convert ./geolocation_middleware/common/mw_common.h
Convert ./geolocation_middleware/common/mw_dbg_trace.h
Convert ./geolocation_middleware/gnss/src/gnss_helpers.h
Convert ./geolocation_middleware/gnss/src/gnss_helpers_defs.h
Convert ./geolocation_middleware/gnss/src/gnss_middleware.h
Convert ./geolocation_middleware/gnss/src/gnss_queue.h
Convert ./geolocation_middleware/gnss/src/gnss_queue_defs.h
Convert ./geolocation_middleware/gnss/src/gnss_version.h
Convert ./geolocation_middleware/wifi/src/wifi_helpers.h
Convert ./geolocation_middleware/wifi/src/wifi_helpers_defs.h
Convert ./geolocation_middleware/wifi/src/wifi_middleware.h
Convert ./geolocation_middleware/wifi/src/wifi_version.h
Convert ./geolocation_middleware/common/mw_common.c
Convert ./geolocation_middleware/gnss/src/gnss_helpers.c
Convert ./geolocation_middleware/gnss/src/gnss_middleware.c
Convert ./geolocation_middleware/gnss/src/gnss_queue.c
Convert ./geolocation_middleware/wifi/src/wifi_helpers.c
Convert ./geolocation_middleware/wifi/src/wifi_middleware.c
